C51 COMPILER V9.51   DELAY                                                                 05/29/2014 15:12:34 PAGE 1   


C51 COMPILER V9.51, COMPILATION OF MODULE DELAY
OBJECT MODULE PLACED IN Delay.OBJ
COMPILER INVOKED BY: D:\Program Files (x86)\keil\C51\BIN\C51.EXE Delay.c BROWSE DEBUG OBJECTEXTEND

line level    source

   1          /*---------------------------------------------------
   2                  Delay.c (v1.00)
   3                  
   4                  Delay functions
   5          ---------------------------------------------------*/   
   6          
   7          #include "main.h"
   8          #include "port.h"
   9          
  10          #include "Delay.h"
  11          
  12          /*---------------------------------------------------
  13                  Delay()
  14                  延迟程序
  15          --------------------------------------------------*/
  16          
  17          void Delay(unsigned int n)
  18          {
  19   1              unsigned int x;
  20   1              while(n--)
  21   1              {
  22   2                      x=5000;
  23   2                      while(x--);
  24   2              }
  25   1      }
  26          
  27          /*---------------------------------------------------
  28                  Delay3()
  29                  延迟程序
  30          --------------------------------------------------*/
  31          
  32          void Delay3(unsigned int t)
  33          {
  34   1              tWord i;
  35   1              tByte j;
  36   1              for(i=0;i<t;i++)                
  37   1              for(j=0;j<21;j++);
  38   1      }
  39          
  40          /*---------------------------------------------------
  41                  Delay4()
  42                  延迟程序
  43          --------------------------------------------------*/
  44          
  45          void Delay4(tWord t)
  46          {
  47   1              tWord i;
  48   1              tByte j;
  49   1              for(i=0;i<t;i++)                
  50   1      //      for(j=0;j<34;j++);
  51   1              for(j=0;j<26;j++);
  52   1      }
  53                  
  54          /*--------------------------------------------------
  55                  delay_ms()
C51 COMPILER V9.51   DELAY                                                                 05/29/2014 15:12:34 PAGE 2   

  56                  
  57                  延迟约为1ms的子程序
  58          ----------------------------------------------------*/
  59          
  60          void delay_ms(tWord count)
  61          {
  62   1              tWord i, j;
  63   1              for(i=0;i<count;i++)
  64   1              {
  65   2                      for(j=0;j<100;j++);
  66   2              }
  67   1      }
  68          
  69          /*--------------------------------------------------
  70                  delay_us()
  71                  
  72                  延迟约为1us的子程序
  73          ----------------------------------------------------*/
  74          
  75          void delay_us(tWord count1)
  76                  {
  77   1              tWord i;
  78   1              tByte j;
  79   1              for(i=0;i<count1;i++)
  80   1                      {
  81   2                      for(j=0;j<4;j++);
  82   2                      }
  83   1              }
  84          
  85          /*----------------------------------------------------
  86                  magnet_delay()
  87                  电磁铁的延迟程序，要在里面加入对过流的判断
  88          -----------------------------------------------------*/
  89          void magnet_delay(void)
  90                  {
  91   1              tByte i;
  92   1              tWord j;                                                                                                 
             -       
  93   1              for(i = 0; i < 50; i++)
  94   1                      {
  95   2                      for(j = 0; j< 3000; j++);
  96   2                      }
  97   1              
  98   1              for(i = 0; i < 50; i++)
  99   1                      {
 100   2                      if(magnet_overcurrent == 1)
 101   2                              {
 102   3                              for(j = 0; j< 10000; j++);
 103   3                              }
 104   2                      else
 105   2                              {
 106   3                              return;
 107   3                              }
 108   2                      }
 109   1      
 110   1              }
 111          /*---------------------------------------------------
 112                  end of file
 113          ----------------------------------------------------*/


MODULE INFORMATION:   STATIC OVERLAYABLE
C51 COMPILER V9.51   DELAY                                                                 05/29/2014 15:12:34 PAGE 3   

   CODE SIZE        =    175    ----
   CONSTANT SIZE    =   ----    ----
   XDATA SIZE       =   ----    ----
   PDATA SIZE       =   ----    ----
   DATA SIZE        =   ----    ----
   IDATA SIZE       =   ----    ----
   BIT SIZE         =   ----    ----
END OF MODULE INFORMATION.


C51 COMPILATION COMPLETE.  0 WARNING(S),  0 ERROR(S)
