C51 COMPILER V9.51   UART                                                                  06/04/2014 15:22:56 PAGE 1   


C51 COMPILER V9.51, COMPILATION OF MODULE UART
OBJECT MODULE PLACED IN UART.OBJ
COMPILER INVOKED BY: D:\Program Files (x86)\keil\C51\BIN\C51.EXE UART.c BROWSE DEBUG OBJECTEXTEND

line level    source

   1          #include "main.h"
   2          #include "port.h"
   3          
   4          #include "uart.h"
   5          
   6          
   7          /*
   8          函数名： void InitUART()
   9          功能：  初始化UART
  10          说明：
  11          入口参数：无
  12          返回值：  无
  13          */
  14          void InitUART()
  15          {
  16   1              AUXR1 &=0xbf ; 
  17   1              SCON=0x5a;
  18   1              TMOD=0x20;
  19   1              TH1=TL1=-(OSC_FREQ/12/32/BAUD);
  20   1              TR1=1;
  21   1      }
  22          /*
  23          函数名： void SendData(BYTE dat)
  24          功能：  发送函数
  25          说明：
  26          入口参数：要发送的字节
  27          返回值：  无
  28          */
  29          
  30          void SendData(unsigned char dat)
  31          {
  32   1              SBUF=dat;
  33   1              while(!TI);TI=0;        
  34   1      }
  35          
  36          /*
  37          函数名：void SendNByte(BYTE *buf,BYTE len)
  38          功能： 发送多个字节
  39          说明：
  40          入口参数：要发送的数据地址，发送的字节长度
  41          返回值： 无
  42          */
  43          void SendNByte(unsigned char *buf, unsigned char len)
  44          {
  45   1              while(len--)
  46   1              {
  47   2                      SendData(*buf++);
  48   2              }
  49   1      }
  50          
  51          
  52          //
  53          ///*
  54          //函数名：BYTE GetData()
  55          //功能：        接收函数
C51 COMPILER V9.51   UART                                                                  06/04/2014 15:22:56 PAGE 2   

  56          //说明：
  57          //入口参数 ：无
  58          //返回值： 接收到的数据
  59          //*/
  60          //unsigned char GetData(void)
  61          //{
  62          //      unsigned char datt;
  63          //      while(!RI);RI=0;
  64          //      datt=SBUF;
  65          //      return datt;
  66          //}
  67          
  68          
  69          
  70          
  71          ///*
  72          //函数名：WORD  GainSum(BYTE *oneData,BYTE dataLen)
  73          //功能：        求和函数，作为奇偶校验
  74          //说明：
  75          //入口参数：接收的数据部分      ,数据长度
  76          //返回值：  校验数据
  77          //*/
  78          //unsigned int  GainSum(unsigned char *oneData,unsigned char dataLen)
  79          //{
  80          //      unsigned char i=0;
  81          //      unsigned int between=0;
  82          //
  83          //
  84          //      for(i=0;i<dataLen;i++)
  85          //      {
  86          //      between=*oneData+between;
  87          //      oneData+=1;
  88          //      }
  89          //
  90          //      return between;
  91          //}
  92          
  93          
  94          
  95          
  96          
  97          
  98          
  99          
 100          
 101          
 102          
 103          


MODULE INFORMATION:   STATIC OVERLAYABLE
   CODE SIZE        =     62    ----
   CONSTANT SIZE    =   ----    ----
   XDATA SIZE       =   ----    ----
   PDATA SIZE       =   ----    ----
   DATA SIZE        =   ----       3
   IDATA SIZE       =   ----    ----
   BIT SIZE         =   ----    ----
END OF MODULE INFORMATION.


C51 COMPILATION COMPLETE.  0 WARNING(S),  0 ERROR(S)
